\BOOKMARK [1][-]{section.1}{\376\377\004\022\004\062\004\065\004\064\004\065\004\075\004\070\004\065}{}% 1
\BOOKMARK [2][-]{subsection.1.1}{\376\377\004\042\004\065\004\076\004\100\004\065\004\102\004\070\004\107\004\065\004\101\004\072\004\060\004\117\000\040\004\107\004\060\004\101\004\102\004\114}{section.1}% 2
\BOOKMARK [2][-]{subsection.1.2}{\376\377\004\037\004\076\004\101\004\102\004\060\004\075\004\076\004\062\004\072\004\070\000\040\004\067\004\060\004\064\004\060\004\107\004\070}{section.1}% 3
\BOOKMARK [3][-]{subsubsection.1.2.1}{\376\377\004\037\004\100\004\065\004\064\004\074\004\065\004\102\000\040\004\070\004\101\004\101\004\073\004\065\004\064\004\076\004\062\004\060\004\075\004\070\004\117}{subsection.1.2}% 4
\BOOKMARK [3][-]{subsubsection.1.2.2}{\376\377\004\034\004\065\004\102\004\076\004\064\004\070\004\072\004\060\000\040\004\070\004\101\004\101\004\073\004\065\004\064\004\076\004\062\004\060\004\075\004\070\004\117}{subsection.1.2}% 5
\BOOKMARK [3][-]{subsubsection.1.2.3}{\376\377\004\046\004\065\004\073\004\114\000\040\004\070\004\101\004\101\004\073\004\065\004\064\004\076\004\062\004\060\004\075\004\070\004\117}{subsection.1.2}% 6
\BOOKMARK [2][-]{subsection.1.3}{\376\377\004\042\004\065\004\105\004\075\004\076\004\073\004\076\004\063\004\070\004\070}{section.1}% 7
\BOOKMARK [3][-]{subsubsection.1.3.1}{\376\377\004\041\004\102\004\060\004\075\004\064\004\060\004\100\004\102\004\075\004\113\004\065\000\040\004\061\004\070\004\061\004\073\004\070\004\076\004\102\004\065\004\072\004\070}{subsection.1.3}% 8
\BOOKMARK [3][-]{subsubsection.1.3.2}{\376\377\004\020\004\062\004\102\004\076\004\100\004\101\004\072\004\070\004\065\000\040\004\104\004\103\004\075\004\072\004\106\004\070\004\070}{subsection.1.3}% 9
\BOOKMARK [1][-]{section.2}{\376\377\004\023\004\065\004\075\004\065\004\100\004\060\004\102\004\076\004\100\000\040\004\101\004\070\004\075\004\102\004\065\004\102\004\070\004\107\004\065\004\101\004\072\004\070\004\105\000\040\004\064\004\060\004\075\004\075\004\113\004\105}{}% 10
\BOOKMARK [2][-]{subsection.2.1}{\376\377\004\032\004\076\004\075\004\101\004\102\004\060\004\075\004\102\004\113\000\040\004\070\000\040\004\077\004\060\004\100\004\060\004\074\004\065\004\102\004\100\004\113\000\040\004\063\004\065\004\075\004\065\004\100\004\060\004\106\004\070\004\070}{section.2}% 11
\BOOKMARK [2][-]{subsection.2.2}{\376\377\004\041\004\073\004\103\004\107\004\060\004\071\004\075\004\113\004\071\000\040\004\110\004\103\004\074}{section.2}% 12
\BOOKMARK [2][-]{subsection.2.3}{\376\377\004\020\004\075\004\076\004\074\004\060\004\073\004\114\004\075\004\113\004\065\000\040\004\076\004\102\004\072\004\073\004\076\004\075\004\065\004\075\004\070\004\117\000\040\004\070\000\040\004\070\004\105\000\040\004\077\004\076\004\067\004\070\004\106\004\070\004\070}{section.2}% 13
\BOOKMARK [2][-]{subsection.2.4}{\376\377\004\022\004\075\004\065\004\064\004\100\004\065\004\075\004\070\004\065\000\040\004\060\004\075\004\076\004\074\004\060\004\073\004\070\004\071}{section.2}% 14
\BOOKMARK [2][-]{subsection.2.5}{\376\377\004\037\004\100\004\070\004\074\004\065\004\100\004\113}{section.2}% 15
\BOOKMARK [1][-]{section.3}{\376\377\004\020\004\073\004\063\004\076\004\100\004\070\004\102\004\074}{}% 16
\BOOKMARK [2][-]{subsection.3.1}{\376\377\004\043\004\101\004\102\004\060\004\075\004\076\004\062\004\072\004\060\000\040\004\101\004\102\004\060\004\100\004\102\004\076\004\062\004\113\004\105\000\040\004\067\004\075\004\060\004\107\004\065\004\075\004\070\004\071\000\040\004\106\004\070\004\072\004\073\004\060\000\040\004\070\000\040\004\063\004\065\004\075\004\065\004\100\004\060\004\106\004\070\004\117\000\040\004\064\004\060\004\075\004\075\004\113\004\105}{section.3}% 17
\BOOKMARK [2][-]{subsection.3.2}{\376\377\004\022\004\113\004\107\004\070\004\101\004\073\004\065\004\075\004\070\004\065\000\040\004\076\004\102\004\072\004\073\004\076\004\075\004\065\004\075\004\070\004\071}{section.3}% 18
\BOOKMARK [2][-]{subsection.3.3}{\376\377\004\020\004\063\004\100\004\065\004\063\004\060\004\106\004\070\004\117\000\040\004\077\004\100\004\076\004\074\004\065\004\066\004\103\004\102\004\076\004\107\004\075\004\113\004\105\000\040\004\100\004\065\004\067\004\103\004\073\004\114\004\102\004\060\004\102\004\076\004\062}{section.3}% 19
\BOOKMARK [2][-]{subsection.3.4}{\376\377\004\041\004\076\004\100\004\102\004\070\004\100\004\076\004\062\004\072\004\060\000\040\004\076\004\102\004\072\004\073\004\076\004\075\004\065\004\075\004\070\004\071}{section.3}% 20
\BOOKMARK [2][-]{subsection.3.5}{\376\377\004\037\004\076\004\070\004\101\004\072\000\040\004\073\004\076\004\072\004\102\004\065\004\062\004\076\004\071\000\040\004\102\004\076\004\107\004\072\004\070}{section.3}% 21
\BOOKMARK [2][-]{subsection.3.6}{\376\377\004\037\004\100\004\076\004\106\004\065\004\075\004\102\000\040\004\076\004\061\004\075\004\060\004\100\004\103\004\066\004\065\004\075\004\075\004\113\004\105\000\040\004\060\004\075\004\076\004\074\004\060\004\073\004\070\004\071}{section.3}% 22
\BOOKMARK [2][-]{subsection.3.7}{\376\377\004\022\004\075\004\103\004\102\004\100\004\065\004\075\004\075\004\070\004\071\000\040\004\106\004\070\004\072\004\073\000\040\004\077\004\076\000\040\004\077\004\100\004\076\004\106\004\065\004\075\004\102\004\060\004\074\000\040\004\067\004\060\004\064\004\060\004\075\004\075\004\113\004\105\000\040\004\060\004\075\004\076\004\074\004\060\004\073\004\070\004\071}{section.3}% 23
\BOOKMARK [2][-]{subsection.3.8}{\376\377\004\022\004\075\004\065\004\110\004\075\004\070\004\071\000\040\004\106\004\070\004\072\004\073\000\040\004\077\004\076\000\040\004\062\004\113\004\100\004\060\004\066\004\065\004\075\004\075\004\076\004\101\004\102\004\070\000\040\004\067\004\060\004\064\004\060\004\075\004\075\004\113\004\105\000\040\004\060\004\075\004\076\004\074\004\060\004\073\004\070\004\071}{section.3}% 24
\BOOKMARK [1][-]{section.4}{\376\377\004\055\004\072\004\101\004\077\004\065\004\100\004\070\004\074\004\065\004\075\004\102\004\113}{}% 25
\BOOKMARK [1][-]{section.5}{\376\377\004\032\004\060\004\073\004\070\004\061\004\100\004\076\004\062\004\076\004\107\004\075\004\113\004\065\000\040\004\063\004\100\004\060\004\075\004\070\004\106\004\113}{}% 26
\BOOKMARK [1][-]{section.6}{\376\377\004\022\004\113\004\062\004\076\004\064\004\113\000\040\004\070\000\040\004\100\004\065\004\072\004\076\004\074\004\065\004\075\004\064\004\060\004\106\004\070\004\070}{}% 27
\BOOKMARK [1][-]{section.7}{\376\377\004\033\004\070\004\102\004\065\004\100\004\060\004\102\004\103\004\100\004\060}{}% 28
